<?xml version="1.0" encoding="UTF-8" ?>
<testsuite tests="28" failures="0" name="ec.app.bbob.BBOBenchmarksTest" time="1.664" errors="0" skipped="0">
  <properties>
    <property name="java.runtime.name" value="OpenJDK Runtime Environment"/>
    <property name="java.vm.version" value="18.0.2-ea+9-Ubuntu-222.04"/>
    <property name="sun.boot.library.path" value="/usr/lib/jvm/java-18-openjdk-amd64/lib"/>
    <property name="maven.multiModuleProjectDirectory" value="/home/derek/Documents/thesis-ecj/ecj"/>
    <property name="java.vm.vendor" value="Private Build"/>
    <property name="java.vendor.url" value="Unknown"/>
    <property name="guice.disable.misplaced.annotation.check" value="true"/>
    <property name="path.separator" value=":"/>
    <property name="java.vm.name" value="OpenJDK 64-Bit Server VM"/>
    <property name="user.country" value="CA"/>
    <property name="sun.java.launcher" value="SUN_STANDARD"/>
    <property name="java.vm.specification.name" value="Java Virtual Machine Specification"/>
    <property name="user.dir" value="/home/derek/Documents/thesis-ecj/ecj"/>
    <property name="java.vm.compressedOopsMode" value="Zero based"/>
    <property name="java.runtime.version" value="18.0.2-ea+9-Ubuntu-222.04"/>
    <property name="os.arch" value="amd64"/>
    <property name="java.io.tmpdir" value="/tmp"/>
    <property name="line.separator" value="
"/>
    <property name="java.vm.specification.vendor" value="Oracle Corporation"/>
    <property name="os.name" value="Linux"/>
    <property name="classworlds.conf" value="/usr/share/maven/bin/m2.conf"/>
    <property name="sun.jnu.encoding" value="UTF-8"/>
    <property name="java.library.path" value="/usr/java/packages/lib:/usr/lib/x86_64-linux-gnu/jni:/lib/x86_64-linux-gnu:/usr/lib/x86_64-linux-gnu:/usr/lib/jni:/lib:/usr/lib"/>
    <property name="maven.conf" value="/usr/share/maven/conf"/>
    <property name="jdk.debug" value="release"/>
    <property name="java.class.version" value="62.0"/>
    <property name="java.specification.name" value="Java Platform API Specification"/>
    <property name="sun.management.compiler" value="HotSpot 64-Bit Tiered Compilers"/>
    <property name="os.version" value="5.19.0-32-generic"/>
    <property name="library.jansi.path" value="/usr/share/maven/lib/jansi-native"/>
    <property name="user.home" value="/home/derek"/>
    <property name="user.timezone" value="America/Toronto"/>
    <property name="file.encoding" value="UTF-8"/>
    <property name="java.specification.version" value="18"/>
    <property name="user.name" value="derek"/>
    <property name="java.class.path" value="/usr/share/maven/boot/plexus-classworlds-2.x.jar"/>
    <property name="java.vm.specification.version" value="18"/>
    <property name="sun.arch.data.model" value="64"/>
    <property name="sun.java.command" value="org.codehaus.plexus.classworlds.launcher.Launcher clean package"/>
    <property name="java.home" value="/usr/lib/jvm/java-18-openjdk-amd64"/>
    <property name="user.language" value="en"/>
    <property name="java.specification.vendor" value="Oracle Corporation"/>
    <property name="java.vm.info" value="mixed mode, sharing"/>
    <property name="java.version" value="18.0.2-ea"/>
    <property name="native.encoding" value="UTF-8"/>
    <property name="java.vendor" value="Private Build"/>
    <property name="sun.stderr.encoding" value="UTF-8"/>
    <property name="maven.home" value="/usr/share/maven"/>
    <property name="file.separator" value="/"/>
    <property name="java.version.date" value="2022-07-19"/>
    <property name="java.vendor.url.bug" value="Unknown"/>
    <property name="sun.io.unicode.encoding" value="UnicodeLittle"/>
    <property name="sun.cpu.endian" value="little"/>
    <property name="sun.stdout.encoding" value="UTF-8"/>
  </properties>
  <testcase classname="ec.app.bbob.BBOBenchmarksTest" name="testGallagherGaussian20HI" time="0.147"/>
  <testcase classname="ec.app.bbob.BBOBenchmarksTest" name="testSchaffersF7" time="0.035"/>
  <testcase classname="ec.app.bbob.BBOBenchmarksTest" name="testWeierstrass" time="0.064"/>
  <testcase classname="ec.app.bbob.BBOBenchmarksTest" name="testEllipsoidal" time="0.036"/>
  <testcase classname="ec.app.bbob.BBOBenchmarksTest" name="testSpherePointOne" time="0.02"/>
  <testcase classname="ec.app.bbob.BBOBenchmarksTest" name="testSpherePointTwo" time="0.002"/>
  <testcase classname="ec.app.bbob.BBOBenchmarksTest" name="testRosenbrockRotated" time="0.033"/>
  <testcase classname="ec.app.bbob.BBOBenchmarksTest" name="testAttractiveSector" time="0.102"/>
  <testcase classname="ec.app.bbob.BBOBenchmarksTest" name="testGallagherGaussian101ME" time="0.59"/>
  <testcase classname="ec.app.bbob.BBOBenchmarksTest" name="testSchaffersF72" time="0.028"/>
  <testcase classname="ec.app.bbob.BBOBenchmarksTest" name="testEllipsoidal2" time="0.027"/>
  <testcase classname="ec.app.bbob.BBOBenchmarksTest" name="testEllipsoidalPointOne" time="0.002"/>
  <testcase classname="ec.app.bbob.BBOBenchmarksTest" name="testEllipsoidalPointTwo" time="0.002"/>
  <testcase classname="ec.app.bbob.BBOBenchmarksTest" name="testDifferentPowers" time="0.026"/>
  <testcase classname="ec.app.bbob.BBOBenchmarksTest" name="testSchwefel" time="0.025"/>
  <testcase classname="ec.app.bbob.BBOBenchmarksTest" name="testLunacek" time="0.039"/>
  <testcase classname="ec.app.bbob.BBOBenchmarksTest" name="testRastrigin" time="0.024"/>
  <testcase classname="ec.app.bbob.BBOBenchmarksTest" name="testRosenbrock" time="0.023"/>
  <testcase classname="ec.app.bbob.BBOBenchmarksTest" name="testEvaluate" time="0.022"/>
  <testcase classname="ec.app.bbob.BBOBenchmarksTest" name="testRastrigin2" time="0.04"/>
  <testcase classname="ec.app.bbob.BBOBenchmarksTest" name="testDiscus" time="0.024"/>
  <testcase classname="ec.app.bbob.BBOBenchmarksTest" name="testGriewankRosenbrock" time="0.025"/>
  <testcase classname="ec.app.bbob.BBOBenchmarksTest" name="testLinearSlope" time="0.156"/>
  <testcase classname="ec.app.bbob.BBOBenchmarksTest" name="testBentCigar" time="0.024"/>
  <testcase classname="ec.app.bbob.BBOBenchmarksTest" name="testStepEllipsoidal" time="0.025"/>
  <testcase classname="ec.app.bbob.BBOBenchmarksTest" name="testKatsuura" time="0.059"/>
  <testcase classname="ec.app.bbob.BBOBenchmarksTest" name="testBucheRastrigin" time="0.023"/>
  <testcase classname="ec.app.bbob.BBOBenchmarksTest" name="testSharpRidge" time="0.041"/>
</testsuite>