<?xml version="1.0" encoding="UTF-8" ?>
<testsuite tests="70" failures="0" name="ec.util.ParameterDatabaseTest" time="0.011" errors="0" skipped="0">
  <properties>
    <property name="java.runtime.name" value="OpenJDK Runtime Environment"/>
    <property name="java.vm.version" value="18.0.2-ea+9-Ubuntu-222.04"/>
    <property name="sun.boot.library.path" value="/usr/lib/jvm/java-18-openjdk-amd64/lib"/>
    <property name="maven.multiModuleProjectDirectory" value="/home/derek/Documents/thesis-ecj/ecj"/>
    <property name="java.vm.vendor" value="Private Build"/>
    <property name="java.vendor.url" value="Unknown"/>
    <property name="guice.disable.misplaced.annotation.check" value="true"/>
    <property name="path.separator" value=":"/>
    <property name="java.vm.name" value="OpenJDK 64-Bit Server VM"/>
    <property name="user.country" value="CA"/>
    <property name="sun.java.launcher" value="SUN_STANDARD"/>
    <property name="java.vm.specification.name" value="Java Virtual Machine Specification"/>
    <property name="user.dir" value="/home/derek/Documents/thesis-ecj/ecj"/>
    <property name="java.vm.compressedOopsMode" value="Zero based"/>
    <property name="java.runtime.version" value="18.0.2-ea+9-Ubuntu-222.04"/>
    <property name="os.arch" value="amd64"/>
    <property name="java.io.tmpdir" value="/tmp"/>
    <property name="line.separator" value="
"/>
    <property name="java.vm.specification.vendor" value="Oracle Corporation"/>
    <property name="os.name" value="Linux"/>
    <property name="classworlds.conf" value="/usr/share/maven/bin/m2.conf"/>
    <property name="sun.jnu.encoding" value="UTF-8"/>
    <property name="java.library.path" value="/usr/java/packages/lib:/usr/lib/x86_64-linux-gnu/jni:/lib/x86_64-linux-gnu:/usr/lib/x86_64-linux-gnu:/usr/lib/jni:/lib:/usr/lib"/>
    <property name="maven.conf" value="/usr/share/maven/conf"/>
    <property name="jdk.debug" value="release"/>
    <property name="java.class.version" value="62.0"/>
    <property name="java.specification.name" value="Java Platform API Specification"/>
    <property name="sun.management.compiler" value="HotSpot 64-Bit Tiered Compilers"/>
    <property name="os.version" value="5.19.0-32-generic"/>
    <property name="library.jansi.path" value="/usr/share/maven/lib/jansi-native"/>
    <property name="user.home" value="/home/derek"/>
    <property name="user.timezone" value="America/Toronto"/>
    <property name="file.encoding" value="UTF-8"/>
    <property name="java.specification.version" value="18"/>
    <property name="user.name" value="derek"/>
    <property name="java.class.path" value="/usr/share/maven/boot/plexus-classworlds-2.x.jar"/>
    <property name="java.vm.specification.version" value="18"/>
    <property name="sun.arch.data.model" value="64"/>
    <property name="sun.java.command" value="org.codehaus.plexus.classworlds.launcher.Launcher clean package"/>
    <property name="java.home" value="/usr/lib/jvm/java-18-openjdk-amd64"/>
    <property name="user.language" value="en"/>
    <property name="java.specification.vendor" value="Oracle Corporation"/>
    <property name="java.vm.info" value="mixed mode, sharing"/>
    <property name="java.version" value="18.0.2-ea"/>
    <property name="native.encoding" value="UTF-8"/>
    <property name="java.vendor" value="Private Build"/>
    <property name="sun.stderr.encoding" value="UTF-8"/>
    <property name="maven.home" value="/usr/share/maven"/>
    <property name="file.separator" value="/"/>
    <property name="java.version.date" value="2022-07-19"/>
    <property name="java.vendor.url.bug" value="Unknown"/>
    <property name="sun.io.unicode.encoding" value="UnicodeLittle"/>
    <property name="sun.cpu.endian" value="little"/>
    <property name="sun.stdout.encoding" value="UTF-8"/>
  </properties>
  <testcase classname="ec.util.ParameterDatabaseTest" name="aliasDefault" time="0"/>
  <testcase classname="ec.util.ParameterDatabaseTest" name="aliasParentParams" time="0"/>
  <testcase classname="ec.util.ParameterDatabaseTest" name="manualAliasExample1" time="0"/>
  <testcase classname="ec.util.ParameterDatabaseTest" name="manualAliasExample2" time="0"/>
  <testcase classname="ec.util.ParameterDatabaseTest" name="manualAliasExample3" time="0.001"/>
  <testcase classname="ec.util.ParameterDatabaseTest" name="manualAliasExample4" time="0"/>
  <testcase classname="ec.util.ParameterDatabaseTest" name="manualAliasExample5" time="0"/>
  <testcase classname="ec.util.ParameterDatabaseTest" name="manualAliasExample6" time="0"/>
  <testcase classname="ec.util.ParameterDatabaseTest" name="testGetDoubles1" time="0.001"/>
  <testcase classname="ec.util.ParameterDatabaseTest" name="testGetDoubles2" time="0"/>
  <testcase classname="ec.util.ParameterDatabaseTest" name="testGetDoubles3" time="0"/>
  <testcase classname="ec.util.ParameterDatabaseTest" name="testGetDoubles4" time="0"/>
  <testcase classname="ec.util.ParameterDatabaseTest" name="testGetDoubles5" time="0.001"/>
  <testcase classname="ec.util.ParameterDatabaseTest" name="testGetDoubles6" time="0"/>
  <testcase classname="ec.util.ParameterDatabaseTest" name="testGetDoubles7" time="0"/>
  <testcase classname="ec.util.ParameterDatabaseTest" name="testGetDoubles8" time="0.001"/>
  <testcase classname="ec.util.ParameterDatabaseTest" name="testGetDoubles9" time="0"/>
  <testcase classname="ec.util.ParameterDatabaseTest" name="alias1" time="0"/>
  <testcase classname="ec.util.ParameterDatabaseTest" name="alias2" time="0"/>
  <testcase classname="ec.util.ParameterDatabaseTest" name="alias3" time="0"/>
  <testcase classname="ec.util.ParameterDatabaseTest" name="alias4" time="0"/>
  <testcase classname="ec.util.ParameterDatabaseTest" name="alias5" time="0"/>
  <testcase classname="ec.util.ParameterDatabaseTest" name="alias6" time="0.001"/>
  <testcase classname="ec.util.ParameterDatabaseTest" name="aliasInParent" time="0"/>
  <testcase classname="ec.util.ParameterDatabaseTest" name="happyPath1" time="0"/>
  <testcase classname="ec.util.ParameterDatabaseTest" name="happyPath2" time="0"/>
  <testcase classname="ec.util.ParameterDatabaseTest" name="testGetDoublesUnconstrained1" time="0"/>
  <testcase classname="ec.util.ParameterDatabaseTest" name="testGetDoublesUnconstrained2" time="0"/>
  <testcase classname="ec.util.ParameterDatabaseTest" name="testGetDoublesUnconstrained3" time="0.001"/>
  <testcase classname="ec.util.ParameterDatabaseTest" name="testGetDoublesUnconstrained4" time="0"/>
  <testcase classname="ec.util.ParameterDatabaseTest" name="testGetDoublesUnconstrained5" time="0"/>
  <testcase classname="ec.util.ParameterDatabaseTest" name="testGetDoublesUnconstrained6" time="0"/>
  <testcase classname="ec.util.ParameterDatabaseTest" name="testGetDoublesUnconstrained7" time="0"/>
  <testcase classname="ec.util.ParameterDatabaseTest" name="testGetDoublesUnconstrained8" time="0.001"/>
  <testcase classname="ec.util.ParameterDatabaseTest" name="aliasCycle1" time="0"/>
  <testcase classname="ec.util.ParameterDatabaseTest" name="aliasCycle2" time="0"/>
  <testcase classname="ec.util.ParameterDatabaseTest" name="aliasValueInChild" time="0"/>
  <testcase classname="ec.util.ParameterDatabaseTest" name="testGetDoubles10" time="0"/>
  <testcase classname="ec.util.ParameterDatabaseTest" name="testGetDoubles11" time="0"/>
  <testcase classname="ec.util.ParameterDatabaseTest" name="testGetDoubles12" time="0"/>
  <testcase classname="ec.util.ParameterDatabaseTest" name="testGetDoubles13" time="0"/>
  <testcase classname="ec.util.ParameterDatabaseTest" name="testGetDoubles14" time="0"/>
  <testcase classname="ec.util.ParameterDatabaseTest" name="testGetDoubles15" time="0"/>
  <testcase classname="ec.util.ParameterDatabaseTest" name="testGetDoubles16" time="0"/>
  <testcase classname="ec.util.ParameterDatabaseTest" name="testGetDoubles17" time="0"/>
  <testcase classname="ec.util.ParameterDatabaseTest" name="testGetDoubles18" time="0.001"/>
  <testcase classname="ec.util.ParameterDatabaseTest" name="testGetDoubles19" time="0"/>
  <testcase classname="ec.util.ParameterDatabaseTest" name="testGetDoubles20" time="0"/>
  <testcase classname="ec.util.ParameterDatabaseTest" name="testGetDoubles21" time="0"/>
  <testcase classname="ec.util.ParameterDatabaseTest" name="testGetDoublesWithMax1" time="0"/>
  <testcase classname="ec.util.ParameterDatabaseTest" name="testGetDoublesWithMax2" time="0"/>
  <testcase classname="ec.util.ParameterDatabaseTest" name="testGetDoublesWithMax3" time="0.001"/>
  <testcase classname="ec.util.ParameterDatabaseTest" name="testGetDoublesWithMax4" time="0"/>
  <testcase classname="ec.util.ParameterDatabaseTest" name="testGetDoublesWithMax6" time="0"/>
  <testcase classname="ec.util.ParameterDatabaseTest" name="testGetDoublesWithMax7" time="0"/>
  <testcase classname="ec.util.ParameterDatabaseTest" name="testGetDoublesWithMax8" time="0"/>
  <testcase classname="ec.util.ParameterDatabaseTest" name="testGetDoublesWithMax9" time="0.001"/>
  <testcase classname="ec.util.ParameterDatabaseTest" name="nonExistant" time="0"/>
  <testcase classname="ec.util.ParameterDatabaseTest" name="default1" time="0"/>
  <testcase classname="ec.util.ParameterDatabaseTest" name="default2" time="0"/>
  <testcase classname="ec.util.ParameterDatabaseTest" name="default3" time="0"/>
  <testcase classname="ec.util.ParameterDatabaseTest" name="default4" time="0"/>
  <testcase classname="ec.util.ParameterDatabaseTest" name="default5" time="0"/>
  <testcase classname="ec.util.ParameterDatabaseTest" name="defaultParentParams" time="0"/>
  <testcase classname="ec.util.ParameterDatabaseTest" name="aliasPrintParams1" time="0"/>
  <testcase classname="ec.util.ParameterDatabaseTest" name="nullParam" time="0.001"/>
  <testcase classname="ec.util.ParameterDatabaseTest" name="testGetDoublesWithMax10" time="0"/>
  <testcase classname="ec.util.ParameterDatabaseTest" name="testGetDoublesWithMax11" time="0"/>
  <testcase classname="ec.util.ParameterDatabaseTest" name="testGetDoublesWithMax12" time="0"/>
  <testcase classname="ec.util.ParameterDatabaseTest" name="aliasValueInParent" time="0"/>
</testsuite>